2024-08-11 22:21:29.882 [main] INFO  com.optum.coe.automation.rally.ConfigLoader - Config key RALLY_BASE_URL loaded with value: https://rally1.rallydev.com
2024-08-11 22:21:29.885 [main] INFO  com.optum.coe.automation.rally.ConfigLoader - Config key RALLY_API_KEY loaded with value: _UWk01XQOyRPk2ctMLiR9PAM1nBE6spnDEmSj1pk
2024-08-11 22:21:29.911 [main] INFO  com.optum.coe.automation.rally.ConfigLoader - Config key JIRA_BASE_URL loaded with value: https://jira.healthcareit.net
2024-08-11 22:21:29.911 [main] INFO  com.optum.coe.automation.rally.ConfigLoader - Config key JIRA_API_TOKEN loaded with value: NjkzMzI2MjUyMTAxOjheeHwL8gYnhul3HZo2HojKKY1R
2024-08-11 22:21:29.911 [main] INFO  com.optum.coe.automation.rally.ConfigLoader - Config key JIRA_PROJECT_KEY loaded with value: CC2
2024-08-11 22:21:29.912 [main] INFO  com.optum.coe.automation.rally.ConfigLoader - Config key MAX_VALUE_CHUNK loaded with value: 1
2024-08-11 22:21:29.912 [main] INFO  com.optum.coe.automation.rally.ConfigLoader - Config key TEST_CASE_FILE_ATTACHMENT_LOCATION loaded with value: C:attachments
2024-08-11 22:21:29.912 [main] INFO  com.optum.coe.automation.rally.ConfigLoader - Config key TEST_STEP_FILE_ATTACHMENT_LOCATION loaded with value: C:UsersaalchalaDocumentsThinaRallyMigrationattachmentsTestStep_Attachments
2024-08-11 22:21:29.912 [main] INFO  com.optum.coe.automation.rally.JiraOperation - Jira values for the project key CC2 are assigned from rally_migration_config.properties file
2024-08-11 22:21:29.912 [main] VERBOSE com.optum.coe.automation.rally.JiraOperation - Below are the values assigned from rally_migration_config.properties file. 
Jira Base URL - https://jira.healthcareit.net
Jira Project Key CC2
Max Chunk value - 1
Test Case File Attachment Download location - C:attachments
Test Step File Attachment location - C:UsersaalchalaDocumentsThinaRallyMigrationattachmentsTestStep_Attachments
2024-08-11 22:21:29.913 [main] INFO  com.optum.coe.automation.rally.JiraOperation - String URL to get non-migrated testcase keys from Jira: https://jira.healthcareit.net/rest/atm/1.0/testcase/search?fields=key&maxResults=1&query=projectKey+%3D+CC2+AND+%22Migrate+Test+to+Rally%22+%3D+true+AND+%22TestCase+Migrated%22+%3D+false
2024-08-11 22:21:30.817 [main] INFO  com.optum.coe.automation.rally.Utils - Successfully returned HttpEntity response for the URL https://jira.healthcareit.net/rest/atm/1.0/testcase/search?fields=key&maxResults=1&query=projectKey+%3D+CC2+AND+%22Migrate+Test+to+Rally%22+%3D+true+AND+%22TestCase+Migrated%22+%3D+false
2024-08-11 22:21:30.821 [main] INFO  com.optum.coe.automation.rally.JiraOperation - Key retrieved: CC2-T5
2024-08-11 22:21:30.821 [main] INFO  com.optum.coe.automation.rally.RunnerClass - Processing CC2-T5
2024-08-11 22:21:31.018 [main] INFO  com.optum.coe.automation.rally.Utils - Successfully returned HttpEntity response for the URL https://jira.healthcareit.net/rest/atm/1.0/testcase/CC2-T5
2024-08-11 22:21:31.018 [main] INFO  com.optum.coe.automation.rally.JiraOperation - Testcase details for the key CC2-T5: {"owner":"JIRAUSER74201","updatedBy":"JIRAUSER109514","customFields":{"TestCase Migrated":false,"TestFolder Migrated":false,"Automation Status":"Automated Target - P2","Migrate Test to Rally":true},"keyNumber":5,"updatedOn":"2024-08-06T21:41:57.826Z","priority":"Normal","majorVersion":1,"createdOn":"2022-01-31T18:57:17.919Z","labels":["RallyMigrationTest"],"component":"Auth/Ref","projectKey":"CC2","folder":"/ConnectCenter/Release 5.8.6/ConnectCenter - FY22 iteration 21/CC2-9744 AuthRef Submit - x217 - dependent issues after Use Member For","latestVersion":true,"createdBy":"JIRAUSER74201","testScript":{"id":343050,"type":"STEP_BY_STEP","steps":[{"expectedResult":"Validate data loaded in the following sections:<br />-Payer<br />-General Information<br />-Requesting Provider<br />-Service Provider<br />-Subscriber<br />Also validate there should not be any data in Dependent Information section<br />(<ul><li>if the response does NOT contain dependent information (patient=subscriber) then none of the dependent fields in the Auth/Ref submission form should be valued</li></ul>)","index":3,"description":"Select \"Authorization/Referral Submission\" from dropdown in the Demographic Information, then click \"USE MEMBER FOR\" button<br /><img src=\"../rest/tests/1.0/attachment/image/500125\" style=\"width:300px\" class=\"fr-fic fr-fil fr-dib\" /><br /><img style=\"width:300px\" class=\"fr-fic fr-fil fr-dib\" /><br />","id":3802849},{"testData":"<img src=\"../rest/tests/1.0/attachment/image/500131\" style=\"width:300px\" class=\"fr-fic fr-fil fr-dib\" /><br /><img src=\"../rest/tests/1.0/attachment/image/500132\" style=\"width:300px\" class=\"fr-fic fr-fil fr-dib\" />","attachments":[{"fileName":"f03dbd34-98dc-4107-9163-a351e33a2f4b","fileSize":65059,"name":"Jira_Rally_JSON_Map_CC2_Project.xlsx","id":499989,"createdOn":"2024-08-05T21:35:57.010Z","projectId":35983,"userKey":"JIRAUSER109514"},{"fileName":"5c1bb02c-ae86-4b5a-8d50-fa79d442aa5c","fileSize":63030,"name":"JSON_Rally_BackUp_PostMan.txt","id":499988,"createdOn":"2024-08-05T21:35:48.079Z","projectId":35983,"userKey":"JIRAUSER109514"}],"expectedResult":"<img src=\"../rest/tests/1.0/attachment/image/500121\" style=\"width:300px\" class=\"fr-fic fr-fil fr-dib\" /><img src=\"../rest/tests/1.0/attachment/image/500119\" style=\"width:300px\" class=\"fr-fic fr-fil fr-dib\" />\"Patient Information\" column has the same data as \"Subscriber Information\" column.<br />Relationship field should have \"Self\" value","index":2,"description":"Validate \"Patient Information\" column has the same data as \"Subscriber Information\" column.<br />Validate: Relationship field should have \"Self\" value","id":3802848},{"testData":"<img src=\"../rest/tests/1.0/attachment/image/500128\" style=\"width:300px\" class=\"fr-fic fr-fil fr-dib\" /><img class=\"fr-fic fr-dii\" /><img src=\"../rest/tests/1.0/attachment/image/500127\" class=\"fr-fic fr-dii\" /><img class=\"fr-fic fr-dii\" /><br />","attachments":[{"fileName":"647cf2fe-3fca-4734-bec3-20a959a23322","fileSize":26843,"name":"TestStepAttachment_2.PNG","id":499987,"createdOn":"2024-08-05T21:35:36.294Z","projectId":35983,"userKey":"JIRAUSER109514"},{"fileName":"bb8d3405-5eb1-4fce-a27c-22cba75dccb4","fileSize":19118,"name":"Gherkins_CC2-9249.docx","id":499986,"createdOn":"2024-08-05T21:35:00.839Z","projectId":35983,"userKey":"JIRAUSER109514"}],"expectedResult":"Access to Eligibility Identifier should be succesfully.<br /><img src=\"../rest/tests/1.0/attachment/image/500129\" style=\"width:300px\" class=\"fr-fic fr-fil fr-dib\" /><br />The<br /><img src=\"../rest/tests/1.0/attachment/image/500130\" style=\"width:300px\" class=\"fr-fic fr-fil fr-dib\" />","index":0,"description":"As an internal user log in to Cctr<br />and go to Verification -&gt; New Eligibility Request<br /><br /><img src=\"../rest/tests/1.0/attachment/image/500134\" style=\"width:300px\" class=\"fr-fic fr-fil fr-dib\" />","id":3802846},{"testData":"<img src=\"../rest/tests/1.0/attachment/image/500118\" style=\"width:300px\" class=\"fr-fic fr-fil fr-dib\" /><br /><img src=\"../rest/tests/1.0/attachment/image/500120\" style=\"width:300px\" class=\"fr-fic fr-fil fr-dib\" />Click \"Find Provider\"Payer Name: enter \"QA Testing\"<br />Member id: QA5010-CC-MABCBS-COB","expectedResult":"Response Information should be displayed successfuly","index":1,"description":"enter required data for Subscriber request<br />then SUBMIT","id":3802847}]},"issueLinks":["CC2-9744"],"lastTestResultStatus":"Pass","name":"Guerkin1 - Eligibility inquiry response does not contain Dependent Information","parameters":{"variables":[],"entries":[]},"key":"CC2-T5","status":"Approved"}
2024-08-11 22:21:31.022 [main] INFO  com.optum.coe.automation.rally.ConfigLoader - Config key RALLY_BASE_URL loaded with value: https://rally1.rallydev.com
2024-08-11 22:21:31.023 [main] INFO  com.optum.coe.automation.rally.ConfigLoader - Config key RALLY_API_KEY loaded with value: _UWk01XQOyRPk2ctMLiR9PAM1nBE6spnDEmSj1pk
2024-08-11 22:21:31.023 [main] INFO  com.optum.coe.automation.rally.ConfigLoader - Config key RALLY_PROJECT_REF loaded with value: 789325818991
2024-08-11 22:21:31.023 [main] INFO  com.optum.coe.automation.rally.ConfigLoader - Config key RALLY_USER_REF loaded with value: 783605835347
2024-08-11 22:21:31.023 [main] INFO  com.optum.coe.automation.rally.RallyOperation - Rally values for the project key 789325818991 are assigned from rally_migration_config.properties file
2024-08-11 22:21:31.023 [main] VERBOSE com.optum.coe.automation.rally.RallyOperation - Loaded values from rally_migration_config.properties file.
Rally Base URL - https://rally1.rallydev.com
Rally Project Reference 789325818991
2024-08-11 22:21:31.023 [main] INFO  com.optum.coe.automation.rally.JiraOperation - URL String for testcase attachments: https://jira.healthcareit.net/rest/atm/1.0/testcase/CC2-T5/attachments
2024-08-11 22:21:31.132 [main] INFO  com.optum.coe.automation.rally.Utils - Successfully returned HttpEntity response for the URL https://jira.healthcareit.net/rest/atm/1.0/testcase/CC2-T5/attachments
2024-08-11 22:21:31.132 [main] INFO  com.optum.coe.automation.rally.JiraOperation - Attachment URL is found for the testcase key CC2-T5; JSON body: [{"id":159795,"url":"https://jira.healthcareit.net/rest/tests/1.0/attachment/159795","filename":"1-Subs response.PNG","filesize":104467},{"id":159794,"url":"https://jira.healthcareit.net/rest/tests/1.0/attachment/159794","filename":"3-Dependet form in blank.PNG","filesize":65259},{"id":159793,"url":"https://jira.healthcareit.net/rest/tests/1.0/attachment/159793","filename":"2-Authorizations Referral Submission form_Requesting and Service Provider.PNG","filesize":74654},{"id":159791,"url":"https://jira.healthcareit.net/rest/tests/1.0/attachment/159791","filename":"2-Authorizations Referral Submission form_Subscriverand Dependen section.PNG","filesize":74294},{"id":159792,"url":"https://jira.healthcareit.net/rest/tests/1.0/attachment/159792","filename":"2-Authorizations Referral Submission form_General Information.PNG","filesize":81068}]
2024-08-11 22:21:31.238 [main] INFO  com.optum.coe.automation.rally.Utils - Successfully returned HttpEntity response for the URL https://jira.healthcareit.net/rest/tests/1.0/attachment/159791
2024-08-11 22:21:31.260 [main] INFO  com.optum.coe.automation.rally.Utils - File downloaded from Jira to tcAttachmentDownloadLocation. File Name: 2-Authorizations Referral Submission form_Subscriverand Dependen section.PNG
2024-08-11 22:21:31.425 [main] INFO  com.optum.coe.automation.rally.Utils - Successfully returned HttpEntity response for the URL https://jira.healthcareit.net/rest/tests/1.0/attachment/159792
2024-08-11 22:21:31.438 [main] INFO  com.optum.coe.automation.rally.Utils - File downloaded from Jira to tcAttachmentDownloadLocation. File Name: 2-Authorizations Referral Submission form_General Information.PNG
2024-08-11 22:21:31.610 [main] INFO  com.optum.coe.automation.rally.Utils - Successfully returned HttpEntity response for the URL https://jira.healthcareit.net/rest/tests/1.0/attachment/159793
2024-08-11 22:21:31.614 [main] INFO  com.optum.coe.automation.rally.Utils - File downloaded from Jira to tcAttachmentDownloadLocation. File Name: 2-Authorizations Referral Submission form_Requesting and Service Provider.PNG
2024-08-11 22:21:31.780 [main] INFO  com.optum.coe.automation.rally.Utils - Successfully returned HttpEntity response for the URL https://jira.healthcareit.net/rest/tests/1.0/attachment/159794
2024-08-11 22:21:31.789 [main] INFO  com.optum.coe.automation.rally.Utils - File downloaded from Jira to tcAttachmentDownloadLocation. File Name: 3-Dependet form in blank.PNG
2024-08-11 22:21:31.891 [main] INFO  com.optum.coe.automation.rally.Utils - Successfully returned HttpEntity response for the URL https://jira.healthcareit.net/rest/tests/1.0/attachment/159795
2024-08-11 22:21:31.902 [main] INFO  com.optum.coe.automation.rally.Utils - File downloaded from Jira to tcAttachmentDownloadLocation. File Name: 1-Subs response.PNG
2024-08-11 22:21:31.903 [main] INFO  com.optum.coe.automation.rally.JiraOperation - URL String for teststep attachments: https://jira.healthcareit.net/rest/atm/1.0/testcase/CC2-T5
2024-08-11 22:21:32.043 [main] INFO  com.optum.coe.automation.rally.Utils - Successfully returned HttpEntity response for the URL https://jira.healthcareit.net/rest/atm/1.0/testcase/CC2-T5
2024-08-11 22:21:32.044 [main] INFO  com.optum.coe.automation.rally.JiraOperation - Attachment URL is found for the testcase key CC2-T5; JSON body: {"owner":"JIRAUSER74201","updatedBy":"JIRAUSER109514","customFields":{"TestCase Migrated":false,"TestFolder Migrated":false,"Automation Status":"Automated Target - P2","Migrate Test to Rally":true},"keyNumber":5,"updatedOn":"2024-08-06T21:41:57.826Z","priority":"Normal","majorVersion":1,"createdOn":"2022-01-31T18:57:17.919Z","labels":["RallyMigrationTest"],"component":"Auth/Ref","projectKey":"CC2","folder":"/ConnectCenter/Release 5.8.6/ConnectCenter - FY22 iteration 21/CC2-9744 AuthRef Submit - x217 - dependent issues after Use Member For","latestVersion":true,"createdBy":"JIRAUSER74201","testScript":{"id":343050,"type":"STEP_BY_STEP","steps":[{"expectedResult":"Validate data loaded in the following sections:<br />-Payer<br />-General Information<br />-Requesting Provider<br />-Service Provider<br />-Subscriber<br />Also validate there should not be any data in Dependent Information section<br />(<ul><li>if the response does NOT contain dependent information (patient=subscriber) then none of the dependent fields in the Auth/Ref submission form should be valued</li></ul>)","index":3,"description":"Select \"Authorization/Referral Submission\" from dropdown in the Demographic Information, then click \"USE MEMBER FOR\" button<br /><img src=\"../rest/tests/1.0/attachment/image/500125\" style=\"width:300px\" class=\"fr-fic fr-fil fr-dib\" /><br /><img style=\"width:300px\" class=\"fr-fic fr-fil fr-dib\" /><br />","id":3802849},{"testData":"<img src=\"../rest/tests/1.0/attachment/image/500131\" style=\"width:300px\" class=\"fr-fic fr-fil fr-dib\" /><br /><img src=\"../rest/tests/1.0/attachment/image/500132\" style=\"width:300px\" class=\"fr-fic fr-fil fr-dib\" />","attachments":[{"fileName":"f03dbd34-98dc-4107-9163-a351e33a2f4b","fileSize":65059,"name":"Jira_Rally_JSON_Map_CC2_Project.xlsx","id":499989,"createdOn":"2024-08-05T21:35:57.010Z","projectId":35983,"userKey":"JIRAUSER109514"},{"fileName":"5c1bb02c-ae86-4b5a-8d50-fa79d442aa5c","fileSize":63030,"name":"JSON_Rally_BackUp_PostMan.txt","id":499988,"createdOn":"2024-08-05T21:35:48.079Z","projectId":35983,"userKey":"JIRAUSER109514"}],"expectedResult":"<img src=\"../rest/tests/1.0/attachment/image/500121\" style=\"width:300px\" class=\"fr-fic fr-fil fr-dib\" /><img src=\"../rest/tests/1.0/attachment/image/500119\" style=\"width:300px\" class=\"fr-fic fr-fil fr-dib\" />\"Patient Information\" column has the same data as \"Subscriber Information\" column.<br />Relationship field should have \"Self\" value","index":2,"description":"Validate \"Patient Information\" column has the same data as \"Subscriber Information\" column.<br />Validate: Relationship field should have \"Self\" value","id":3802848},{"testData":"<img src=\"../rest/tests/1.0/attachment/image/500128\" style=\"width:300px\" class=\"fr-fic fr-fil fr-dib\" /><img class=\"fr-fic fr-dii\" /><img src=\"../rest/tests/1.0/attachment/image/500127\" class=\"fr-fic fr-dii\" /><img class=\"fr-fic fr-dii\" /><br />","attachments":[{"fileName":"647cf2fe-3fca-4734-bec3-20a959a23322","fileSize":26843,"name":"TestStepAttachment_2.PNG","id":499987,"createdOn":"2024-08-05T21:35:36.294Z","projectId":35983,"userKey":"JIRAUSER109514"},{"fileName":"bb8d3405-5eb1-4fce-a27c-22cba75dccb4","fileSize":19118,"name":"Gherkins_CC2-9249.docx","id":499986,"createdOn":"2024-08-05T21:35:00.839Z","projectId":35983,"userKey":"JIRAUSER109514"}],"expectedResult":"Access to Eligibility Identifier should be succesfully.<br /><img src=\"../rest/tests/1.0/attachment/image/500129\" style=\"width:300px\" class=\"fr-fic fr-fil fr-dib\" /><br />The<br /><img src=\"../rest/tests/1.0/attachment/image/500130\" style=\"width:300px\" class=\"fr-fic fr-fil fr-dib\" />","index":0,"description":"As an internal user log in to Cctr<br />and go to Verification -&gt; New Eligibility Request<br /><br /><img src=\"../rest/tests/1.0/attachment/image/500134\" style=\"width:300px\" class=\"fr-fic fr-fil fr-dib\" />","id":3802846},{"testData":"<img src=\"../rest/tests/1.0/attachment/image/500118\" style=\"width:300px\" class=\"fr-fic fr-fil fr-dib\" /><br /><img src=\"../rest/tests/1.0/attachment/image/500120\" style=\"width:300px\" class=\"fr-fic fr-fil fr-dib\" />Click \"Find Provider\"Payer Name: enter \"QA Testing\"<br />Member id: QA5010-CC-MABCBS-COB","expectedResult":"Response Information should be displayed successfuly","index":1,"description":"enter required data for Subscriber request<br />then SUBMIT","id":3802847}]},"issueLinks":["CC2-9744"],"lastTestResultStatus":"Pass","name":"Guerkin1 - Eligibility inquiry response does not contain Dependent Information","parameters":{"variables":[],"entries":[]},"key":"CC2-T5","status":"Approved"}
2024-08-11 22:21:32.141 [main] INFO  com.optum.coe.automation.rally.Utils - Successfully returned HttpEntity response for the URL https://jira.healthcareit.net/rest/tests/1.0/attachment/499989
2024-08-11 22:21:32.150 [main] INFO  com.optum.coe.automation.rally.Utils - File downloaded from Jira to testStepFileAttachmentLocation. File Name: Jira_Rally_JSON_Map_CC2_Project.xlsx
2024-08-11 22:21:32.236 [main] INFO  com.optum.coe.automation.rally.Utils - Successfully returned HttpEntity response for the URL https://jira.healthcareit.net/rest/tests/1.0/attachment/499988
2024-08-11 22:21:32.240 [main] INFO  com.optum.coe.automation.rally.Utils - File downloaded from Jira to testStepFileAttachmentLocation. File Name: JSON_Rally_BackUp_PostMan.txt
2024-08-11 22:21:32.318 [main] INFO  com.optum.coe.automation.rally.Utils - Successfully returned HttpEntity response for the URL https://jira.healthcareit.net/rest/tests/1.0/attachment/499987
2024-08-11 22:21:32.323 [main] INFO  com.optum.coe.automation.rally.Utils - File downloaded from Jira to testStepFileAttachmentLocation. File Name: TestStepAttachment_2.PNG
2024-08-11 22:21:32.423 [main] INFO  com.optum.coe.automation.rally.Utils - Successfully returned HttpEntity response for the URL https://jira.healthcareit.net/rest/tests/1.0/attachment/499986
2024-08-11 22:21:32.426 [main] INFO  com.optum.coe.automation.rally.Utils - File downloaded from Jira to testStepFileAttachmentLocation. File Name: Gherkins_CC2-9249.docx
2024-08-11 22:21:32.426 [main] INFO  com.optum.coe.automation.rally.JiraOperation - URL String for teststep attachments: https://jira.healthcareit.net/rest/atm/1.0/testcase/CC2-T5
2024-08-11 22:21:32.880 [main] INFO  com.optum.coe.automation.rally.Utils - Successfully returned HttpEntity response for the URL https://jira.healthcareit.net/rest/atm/1.0/testcase/CC2-T5
2024-08-11 22:21:32.880 [main] INFO  com.optum.coe.automation.rally.JiraOperation - Attachment URL is found for the testcase key CC2-T5; JSON body: {"owner":"JIRAUSER74201","updatedBy":"JIRAUSER109514","customFields":{"TestCase Migrated":false,"TestFolder Migrated":false,"Automation Status":"Automated Target - P2","Migrate Test to Rally":true},"keyNumber":5,"updatedOn":"2024-08-06T21:41:57.826Z","priority":"Normal","majorVersion":1,"createdOn":"2022-01-31T18:57:17.919Z","labels":["RallyMigrationTest"],"component":"Auth/Ref","projectKey":"CC2","folder":"/ConnectCenter/Release 5.8.6/ConnectCenter - FY22 iteration 21/CC2-9744 AuthRef Submit - x217 - dependent issues after Use Member For","createdBy":"JIRAUSER74201","latestVersion":true,"testScript":{"id":343050,"type":"STEP_BY_STEP","steps":[{"expectedResult":"Validate data loaded in the following sections:<br />-Payer<br />-General Information<br />-Requesting Provider<br />-Service Provider<br />-Subscriber<br />Also validate there should not be any data in Dependent Information section<br />(<ul><li>if the response does NOT contain dependent information (patient=subscriber) then none of the dependent fields in the Auth/Ref submission form should be valued</li></ul>)","index":3,"description":"Select \"Authorization/Referral Submission\" from dropdown in the Demographic Information, then click \"USE MEMBER FOR\" button<br /><img src=\"../rest/tests/1.0/attachment/image/500125\" style=\"width:300px\" class=\"fr-fic fr-fil fr-dib\" /><br /><img style=\"width:300px\" class=\"fr-fic fr-fil fr-dib\" /><br />","id":3802849},{"testData":"<img src=\"../rest/tests/1.0/attachment/image/500131\" style=\"width:300px\" class=\"fr-fic fr-fil fr-dib\" /><br /><img src=\"../rest/tests/1.0/attachment/image/500132\" style=\"width:300px\" class=\"fr-fic fr-fil fr-dib\" />","attachments":[{"fileName":"f03dbd34-98dc-4107-9163-a351e33a2f4b","fileSize":65059,"name":"Jira_Rally_JSON_Map_CC2_Project.xlsx","id":499989,"createdOn":"2024-08-05T21:35:57.010Z","projectId":35983,"userKey":"JIRAUSER109514"},{"fileName":"5c1bb02c-ae86-4b5a-8d50-fa79d442aa5c","fileSize":63030,"name":"JSON_Rally_BackUp_PostMan.txt","id":499988,"createdOn":"2024-08-05T21:35:48.079Z","projectId":35983,"userKey":"JIRAUSER109514"}],"expectedResult":"<img src=\"../rest/tests/1.0/attachment/image/500121\" style=\"width:300px\" class=\"fr-fic fr-fil fr-dib\" /><img src=\"../rest/tests/1.0/attachment/image/500119\" style=\"width:300px\" class=\"fr-fic fr-fil fr-dib\" />\"Patient Information\" column has the same data as \"Subscriber Information\" column.<br />Relationship field should have \"Self\" value","index":2,"description":"Validate \"Patient Information\" column has the same data as \"Subscriber Information\" column.<br />Validate: Relationship field should have \"Self\" value","id":3802848},{"testData":"<img src=\"../rest/tests/1.0/attachment/image/500128\" style=\"width:300px\" class=\"fr-fic fr-fil fr-dib\" /><img class=\"fr-fic fr-dii\" /><img src=\"../rest/tests/1.0/attachment/image/500127\" class=\"fr-fic fr-dii\" /><img class=\"fr-fic fr-dii\" /><br />","attachments":[{"fileName":"647cf2fe-3fca-4734-bec3-20a959a23322","fileSize":26843,"name":"TestStepAttachment_2.PNG","id":499987,"createdOn":"2024-08-05T21:35:36.294Z","projectId":35983,"userKey":"JIRAUSER109514"},{"fileName":"bb8d3405-5eb1-4fce-a27c-22cba75dccb4","fileSize":19118,"name":"Gherkins_CC2-9249.docx","id":499986,"createdOn":"2024-08-05T21:35:00.839Z","projectId":35983,"userKey":"JIRAUSER109514"}],"expectedResult":"Access to Eligibility Identifier should be succesfully.<br /><img src=\"../rest/tests/1.0/attachment/image/500129\" style=\"width:300px\" class=\"fr-fic fr-fil fr-dib\" /><br />The<br /><img src=\"../rest/tests/1.0/attachment/image/500130\" style=\"width:300px\" class=\"fr-fic fr-fil fr-dib\" />","index":0,"description":"As an internal user log in to Cctr<br />and go to Verification -&gt; New Eligibility Request<br /><br /><img src=\"../rest/tests/1.0/attachment/image/500134\" style=\"width:300px\" class=\"fr-fic fr-fil fr-dib\" />","id":3802846},{"testData":"<img src=\"../rest/tests/1.0/attachment/image/500118\" style=\"width:300px\" class=\"fr-fic fr-fil fr-dib\" /><br /><img src=\"../rest/tests/1.0/attachment/image/500120\" style=\"width:300px\" class=\"fr-fic fr-fil fr-dib\" />Click \"Find Provider\"Payer Name: enter \"QA Testing\"<br />Member id: QA5010-CC-MABCBS-COB","expectedResult":"Response Information should be displayed successfuly","index":1,"description":"enter required data for Subscriber request<br />then SUBMIT","id":3802847}]},"issueLinks":["CC2-9744"],"lastTestResultStatus":"Pass","name":"Guerkin1 - Eligibility inquiry response does not contain Dependent Information","parameters":{"variables":[],"entries":[]},"key":"CC2-T5","status":"Approved"}
2024-08-11 22:21:32.915 [main] INFO  com.optum.coe.automation.rally.Utils - Constructed URL for embedded image download: https://jira.healthcareit.net/rest/tests/1.0/attachment/image/500125
2024-08-11 22:21:33.020 [main] INFO  com.optum.coe.automation.rally.Utils - Successfully returned HttpEntity response for the URL https://jira.healthcareit.net/rest/tests/1.0/attachment/image/500125
2024-08-11 22:21:33.021 [main] INFO  com.optum.coe.automation.rally.Utils - File downloaded from Jira to testStepAttachmentLocation. File Name: 4_1__EmbeddedFile_description.png
2024-08-11 22:21:33.021 [main] INFO  com.optum.coe.automation.rally.Utils - Constructed URL for embedded image download: https://jira.healthcareit.net/rest/tests/1.0/attachment/image/500134
2024-08-11 22:21:33.122 [main] INFO  com.optum.coe.automation.rally.Utils - Successfully returned HttpEntity response for the URL https://jira.healthcareit.net/rest/tests/1.0/attachment/image/500134
2024-08-11 22:21:33.124 [main] INFO  com.optum.coe.automation.rally.Utils - File downloaded from Jira to testStepAttachmentLocation. File Name: 1_1__EmbeddedFile_description.png
2024-08-11 22:21:33.124 [main] ERROR com.optum.coe.automation.rally.Utils - No valid argument is passed to the method. It should be either description OR testData OR expectedResult
2024-08-11 22:21:33.125 [main] INFO  com.optum.coe.automation.rally.Utils - Constructed URL for embedded image download: https://jira.healthcareit.net/rest/tests/1.0/attachment/image/500131
2024-08-11 22:21:33.317 [main] INFO  com.optum.coe.automation.rally.Utils - Successfully returned HttpEntity response for the URL https://jira.healthcareit.net/rest/tests/1.0/attachment/image/500131
2024-08-11 22:21:33.320 [main] INFO  com.optum.coe.automation.rally.Utils - File downloaded from Jira to testStepAttachmentLocation. File Name: 3_1__EmbeddedFile_testData.png
2024-08-11 22:21:33.320 [main] INFO  com.optum.coe.automation.rally.Utils - Constructed URL for embedded image download: https://jira.healthcareit.net/rest/tests/1.0/attachment/image/500132
2024-08-11 22:21:33.427 [main] INFO  com.optum.coe.automation.rally.Utils - Successfully returned HttpEntity response for the URL https://jira.healthcareit.net/rest/tests/1.0/attachment/image/500132
2024-08-11 22:21:33.430 [main] INFO  com.optum.coe.automation.rally.Utils - File downloaded from Jira to testStepAttachmentLocation. File Name: 3_2__EmbeddedFile_testData.png
2024-08-11 22:21:33.430 [main] INFO  com.optum.coe.automation.rally.Utils - Constructed URL for embedded image download: https://jira.healthcareit.net/rest/tests/1.0/attachment/image/500128
2024-08-11 22:21:33.637 [main] INFO  com.optum.coe.automation.rally.Utils - Successfully returned HttpEntity response for the URL https://jira.healthcareit.net/rest/tests/1.0/attachment/image/500128
2024-08-11 22:21:33.639 [main] INFO  com.optum.coe.automation.rally.Utils - File downloaded from Jira to testStepAttachmentLocation. File Name: 1_1__EmbeddedFile_testData.png
2024-08-11 22:21:33.639 [main] INFO  com.optum.coe.automation.rally.Utils - Constructed URL for embedded image download: https://jira.healthcareit.net/rest/tests/1.0/attachment/image/500127
2024-08-11 22:21:33.820 [main] INFO  com.optum.coe.automation.rally.Utils - Successfully returned HttpEntity response for the URL https://jira.healthcareit.net/rest/tests/1.0/attachment/image/500127
2024-08-11 22:21:33.827 [main] INFO  com.optum.coe.automation.rally.Utils - File downloaded from Jira to testStepAttachmentLocation. File Name: 1_2__EmbeddedFile_testData.png
2024-08-11 22:21:33.827 [main] INFO  com.optum.coe.automation.rally.Utils - Constructed URL for embedded image download: https://jira.healthcareit.net/rest/tests/1.0/attachment/image/500118
2024-08-11 22:21:33.903 [main] INFO  com.optum.coe.automation.rally.Utils - Successfully returned HttpEntity response for the URL https://jira.healthcareit.net/rest/tests/1.0/attachment/image/500118
2024-08-11 22:21:33.906 [main] INFO  com.optum.coe.automation.rally.Utils - File downloaded from Jira to testStepAttachmentLocation. File Name: 2_1__EmbeddedFile_testData.png
2024-08-11 22:21:33.906 [main] INFO  com.optum.coe.automation.rally.Utils - Constructed URL for embedded image download: https://jira.healthcareit.net/rest/tests/1.0/attachment/image/500120
2024-08-11 22:21:34.426 [main] INFO  com.optum.coe.automation.rally.Utils - Successfully returned HttpEntity response for the URL https://jira.healthcareit.net/rest/tests/1.0/attachment/image/500120
2024-08-11 22:21:34.428 [main] INFO  com.optum.coe.automation.rally.Utils - File downloaded from Jira to testStepAttachmentLocation. File Name: 2_2__EmbeddedFile_testData.png
2024-08-11 22:21:34.429 [main] INFO  com.optum.coe.automation.rally.Utils - Constructed URL for embedded image download: https://jira.healthcareit.net/rest/tests/1.0/attachment/image/500121
2024-08-11 22:21:34.622 [main] INFO  com.optum.coe.automation.rally.Utils - Successfully returned HttpEntity response for the URL https://jira.healthcareit.net/rest/tests/1.0/attachment/image/500121
2024-08-11 22:21:34.625 [main] INFO  com.optum.coe.automation.rally.Utils - File downloaded from Jira to testStepAttachmentLocation. File Name: 3_1__EmbeddedFile_expectedResult.png
2024-08-11 22:21:34.625 [main] INFO  com.optum.coe.automation.rally.Utils - Constructed URL for embedded image download: https://jira.healthcareit.net/rest/tests/1.0/attachment/image/500119
2024-08-11 22:21:34.893 [main] INFO  com.optum.coe.automation.rally.Utils - Successfully returned HttpEntity response for the URL https://jira.healthcareit.net/rest/tests/1.0/attachment/image/500119
2024-08-11 22:21:34.894 [main] INFO  com.optum.coe.automation.rally.Utils - File downloaded from Jira to testStepAttachmentLocation. File Name: 3_2__EmbeddedFile_expectedResult.png
2024-08-11 22:21:34.895 [main] INFO  com.optum.coe.automation.rally.Utils - Constructed URL for embedded image download: https://jira.healthcareit.net/rest/tests/1.0/attachment/image/500129
2024-08-11 22:21:35.026 [main] INFO  com.optum.coe.automation.rally.Utils - Successfully returned HttpEntity response for the URL https://jira.healthcareit.net/rest/tests/1.0/attachment/image/500129
2024-08-11 22:21:35.029 [main] INFO  com.optum.coe.automation.rally.Utils - File downloaded from Jira to testStepAttachmentLocation. File Name: 1_1__EmbeddedFile_expectedResult.png
2024-08-11 22:21:35.029 [main] INFO  com.optum.coe.automation.rally.Utils - Constructed URL for embedded image download: https://jira.healthcareit.net/rest/tests/1.0/attachment/image/500130
2024-08-11 22:21:35.122 [main] INFO  com.optum.coe.automation.rally.Utils - Successfully returned HttpEntity response for the URL https://jira.healthcareit.net/rest/tests/1.0/attachment/image/500130
2024-08-11 22:21:35.124 [main] INFO  com.optum.coe.automation.rally.Utils - File downloaded from Jira to testStepAttachmentLocation. File Name: 1_2__EmbeddedFile_expectedResult.png
2024-08-11 22:21:35.124 [main] INFO  com.optum.coe.automation.rally.Utils - Invalid folder name encountered: ''
2024-08-11 22:21:35.644 [main] INFO  com.optum.coe.automation.rally.Utils - Subfolder already exists: https://rally1.rallydev.com/slm/webservice/v2.0/testfolder/798329264103
2024-08-11 22:21:35.764 [main] INFO  com.optum.coe.automation.rally.Utils - Subfolder already exists: https://rally1.rallydev.com/slm/webservice/v2.0/testfolder/798403083883
2024-08-11 22:21:35.886 [main] INFO  com.optum.coe.automation.rally.Utils - Subfolder already exists: https://rally1.rallydev.com/slm/webservice/v2.0/testfolder/798403083901
2024-08-11 22:21:36.007 [main] INFO  com.optum.coe.automation.rally.Utils - Subfolder already exists: https://rally1.rallydev.com/slm/webservice/v2.0/testfolder/798480941431
2024-08-11 22:21:36.777 [main] INFO  com.optum.coe.automation.rally.RallyOperation - Successfully created test case: https://rally1.rallydev.com/slm/webservice/v2.0/testcase/799035557083
2024-08-11 22:21:36.778 [main] INFO  com.optum.coe.automation.rally.RunnerClass - Attachment paths are found for the TestCase level.
2024-08-11 22:21:38.366 [main] INFO  com.optum.coe.automation.rally.RallyOperation - Attachment created successfully for file: C:attachments\2-Authorizations Referral Submission form_Subscriverand Dependen section.PNG
2024-08-11 22:21:38.367 [main] INFO  com.optum.coe.automation.rally.RallyOperation - File C:attachments\2-Authorizations Referral Submission form_Subscriverand Dependen section.PNG attached successfully to test case: https://rally1.rallydev.com/slm/webservice/v2.0/testcase/799035557083
2024-08-11 22:21:39.626 [main] INFO  com.optum.coe.automation.rally.RallyOperation - Attachment created successfully for file: C:attachments\2-Authorizations Referral Submission form_General Information.PNG
2024-08-11 22:21:39.626 [main] INFO  com.optum.coe.automation.rally.RallyOperation - File C:attachments\2-Authorizations Referral Submission form_General Information.PNG attached successfully to test case: https://rally1.rallydev.com/slm/webservice/v2.0/testcase/799035557083
2024-08-11 22:21:41.045 [main] INFO  com.optum.coe.automation.rally.RallyOperation - Attachment created successfully for file: C:attachments\2-Authorizations Referral Submission form_Requesting and Service Provider.PNG
2024-08-11 22:21:41.045 [main] INFO  com.optum.coe.automation.rally.RallyOperation - File C:attachments\2-Authorizations Referral Submission form_Requesting and Service Provider.PNG attached successfully to test case: https://rally1.rallydev.com/slm/webservice/v2.0/testcase/799035557083
2024-08-11 22:21:42.253 [main] INFO  com.optum.coe.automation.rally.RallyOperation - Attachment created successfully for file: C:attachments\3-Dependet form in blank.PNG
2024-08-11 22:21:42.254 [main] INFO  com.optum.coe.automation.rally.RallyOperation - File C:attachments\3-Dependet form in blank.PNG attached successfully to test case: https://rally1.rallydev.com/slm/webservice/v2.0/testcase/799035557083
2024-08-11 22:21:43.883 [main] INFO  com.optum.coe.automation.rally.RallyOperation - Attachment created successfully for file: C:attachments\1-Subs response.PNG
2024-08-11 22:21:43.883 [main] INFO  com.optum.coe.automation.rally.RallyOperation - File C:attachments\1-Subs response.PNG attached successfully to test case: https://rally1.rallydev.com/slm/webservice/v2.0/testcase/799035557083
2024-08-11 22:21:43.884 [main] INFO  com.optum.coe.automation.rally.Utils - The file C:attachments\2-Authorizations Referral Submission form_Subscriverand Dependen section.PNG is deleted for the next attachment download run.
2024-08-11 22:21:43.884 [main] INFO  com.optum.coe.automation.rally.Utils - The file C:attachments\2-Authorizations Referral Submission form_General Information.PNG is deleted for the next attachment download run.
2024-08-11 22:21:43.884 [main] INFO  com.optum.coe.automation.rally.Utils - The file C:attachments\2-Authorizations Referral Submission form_Requesting and Service Provider.PNG is deleted for the next attachment download run.
2024-08-11 22:21:43.885 [main] INFO  com.optum.coe.automation.rally.Utils - The file C:attachments\3-Dependet form in blank.PNG is deleted for the next attachment download run.
2024-08-11 22:21:43.885 [main] INFO  com.optum.coe.automation.rally.Utils - The file C:attachments\1-Subs response.PNG is deleted for the next attachment download run.
2024-08-11 22:21:43.885 [main] INFO  com.optum.coe.automation.rally.RunnerClass - Test Step file attachments paths are found.
2024-08-11 22:21:45.461 [main] INFO  com.optum.coe.automation.rally.RallyOperation - Attachment created successfully for file: C:UsersaalchalaDocumentsThinaRallyMigrationattachmentsTestStep_Attachments\3_1_Jira_Rally_JSON_Map_CC2_Project.xlsx
2024-08-11 22:21:45.461 [main] INFO  com.optum.coe.automation.rally.RallyOperation - File C:UsersaalchalaDocumentsThinaRallyMigrationattachmentsTestStep_Attachments\3_1_Jira_Rally_JSON_Map_CC2_Project.xlsx attached successfully to test case: https://rally1.rallydev.com/slm/webservice/v2.0/testcase/799035557083
2024-08-11 22:21:46.584 [main] INFO  com.optum.coe.automation.rally.RallyOperation - Attachment created successfully for file: C:UsersaalchalaDocumentsThinaRallyMigrationattachmentsTestStep_Attachments\3_2_JSON_Rally_BackUp_PostMan.txt
2024-08-11 22:21:46.584 [main] INFO  com.optum.coe.automation.rally.RallyOperation - File C:UsersaalchalaDocumentsThinaRallyMigrationattachmentsTestStep_Attachments\3_2_JSON_Rally_BackUp_PostMan.txt attached successfully to test case: https://rally1.rallydev.com/slm/webservice/v2.0/testcase/799035557083
2024-08-11 22:21:47.574 [main] INFO  com.optum.coe.automation.rally.RallyOperation - Attachment created successfully for file: C:UsersaalchalaDocumentsThinaRallyMigrationattachmentsTestStep_Attachments\1_1_TestStepAttachment_2.PNG
2024-08-11 22:21:47.574 [main] INFO  com.optum.coe.automation.rally.RallyOperation - File C:UsersaalchalaDocumentsThinaRallyMigrationattachmentsTestStep_Attachments\1_1_TestStepAttachment_2.PNG attached successfully to test case: https://rally1.rallydev.com/slm/webservice/v2.0/testcase/799035557083
2024-08-11 22:21:48.546 [main] INFO  com.optum.coe.automation.rally.RallyOperation - Attachment created successfully for file: C:UsersaalchalaDocumentsThinaRallyMigrationattachmentsTestStep_Attachments\1_2_Gherkins_CC2-9249.docx
2024-08-11 22:21:48.546 [main] INFO  com.optum.coe.automation.rally.RallyOperation - File C:UsersaalchalaDocumentsThinaRallyMigrationattachmentsTestStep_Attachments\1_2_Gherkins_CC2-9249.docx attached successfully to test case: https://rally1.rallydev.com/slm/webservice/v2.0/testcase/799035557083
2024-08-11 22:21:48.548 [main] INFO  com.optum.coe.automation.rally.Utils - The file C:UsersaalchalaDocumentsThinaRallyMigrationattachmentsTestStep_Attachments\3_1_Jira_Rally_JSON_Map_CC2_Project.xlsx is deleted for the next attachment download run.
2024-08-11 22:21:48.548 [main] INFO  com.optum.coe.automation.rally.Utils - The file C:UsersaalchalaDocumentsThinaRallyMigrationattachmentsTestStep_Attachments\3_2_JSON_Rally_BackUp_PostMan.txt is deleted for the next attachment download run.
2024-08-11 22:21:48.549 [main] INFO  com.optum.coe.automation.rally.Utils - The file C:UsersaalchalaDocumentsThinaRallyMigrationattachmentsTestStep_Attachments\1_1_TestStepAttachment_2.PNG is deleted for the next attachment download run.
2024-08-11 22:21:48.549 [main] INFO  com.optum.coe.automation.rally.Utils - The file C:UsersaalchalaDocumentsThinaRallyMigrationattachmentsTestStep_Attachments\1_2_Gherkins_CC2-9249.docx is deleted for the next attachment download run.
2024-08-11 22:21:48.549 [main] INFO  com.optum.coe.automation.rally.RunnerClass - Test Step embedded attachments paths are found.
2024-08-11 22:21:49.669 [main] INFO  com.optum.coe.automation.rally.RallyOperation - Attachment created successfully for file: C:UsersaalchalaDocumentsThinaRallyMigrationattachmentsTestStep_Attachments\4_1__EmbeddedFile_description.png
2024-08-11 22:21:49.669 [main] INFO  com.optum.coe.automation.rally.RallyOperation - File C:UsersaalchalaDocumentsThinaRallyMigrationattachmentsTestStep_Attachments\4_1__EmbeddedFile_description.png attached successfully to test case: https://rally1.rallydev.com/slm/webservice/v2.0/testcase/799035557083
2024-08-11 22:21:50.657 [main] INFO  com.optum.coe.automation.rally.RallyOperation - Attachment created successfully for file: C:UsersaalchalaDocumentsThinaRallyMigrationattachmentsTestStep_Attachments\1_1__EmbeddedFile_description.png
2024-08-11 22:21:50.657 [main] INFO  com.optum.coe.automation.rally.RallyOperation - File C:UsersaalchalaDocumentsThinaRallyMigrationattachmentsTestStep_Attachments\1_1__EmbeddedFile_description.png attached successfully to test case: https://rally1.rallydev.com/slm/webservice/v2.0/testcase/799035557083
2024-08-11 22:21:51.727 [main] INFO  com.optum.coe.automation.rally.RallyOperation - Attachment created successfully for file: C:UsersaalchalaDocumentsThinaRallyMigrationattachmentsTestStep_Attachments\3_1__EmbeddedFile_testData.png
2024-08-11 22:21:51.727 [main] INFO  com.optum.coe.automation.rally.RallyOperation - File C:UsersaalchalaDocumentsThinaRallyMigrationattachmentsTestStep_Attachments\3_1__EmbeddedFile_testData.png attached successfully to test case: https://rally1.rallydev.com/slm/webservice/v2.0/testcase/799035557083
2024-08-11 22:21:52.823 [main] INFO  com.optum.coe.automation.rally.RallyOperation - Attachment created successfully for file: C:UsersaalchalaDocumentsThinaRallyMigrationattachmentsTestStep_Attachments\3_2__EmbeddedFile_testData.png
2024-08-11 22:21:52.823 [main] INFO  com.optum.coe.automation.rally.RallyOperation - File C:UsersaalchalaDocumentsThinaRallyMigrationattachmentsTestStep_Attachments\3_2__EmbeddedFile_testData.png attached successfully to test case: https://rally1.rallydev.com/slm/webservice/v2.0/testcase/799035557083
2024-08-11 22:21:53.733 [main] INFO  com.optum.coe.automation.rally.RallyOperation - Attachment created successfully for file: C:UsersaalchalaDocumentsThinaRallyMigrationattachmentsTestStep_Attachments\1_1__EmbeddedFile_testData.png
2024-08-11 22:21:53.733 [main] INFO  com.optum.coe.automation.rally.RallyOperation - File C:UsersaalchalaDocumentsThinaRallyMigrationattachmentsTestStep_Attachments\1_1__EmbeddedFile_testData.png attached successfully to test case: https://rally1.rallydev.com/slm/webservice/v2.0/testcase/799035557083
2024-08-11 22:21:54.745 [main] INFO  com.optum.coe.automation.rally.RallyOperation - Attachment created successfully for file: C:UsersaalchalaDocumentsThinaRallyMigrationattachmentsTestStep_Attachments\1_2__EmbeddedFile_testData.png
2024-08-11 22:21:54.745 [main] INFO  com.optum.coe.automation.rally.RallyOperation - File C:UsersaalchalaDocumentsThinaRallyMigrationattachmentsTestStep_Attachments\1_2__EmbeddedFile_testData.png attached successfully to test case: https://rally1.rallydev.com/slm/webservice/v2.0/testcase/799035557083
2024-08-11 22:21:55.584 [main] INFO  com.optum.coe.automation.rally.RallyOperation - Attachment created successfully for file: C:UsersaalchalaDocumentsThinaRallyMigrationattachmentsTestStep_Attachments\2_1__EmbeddedFile_testData.png
2024-08-11 22:21:55.585 [main] INFO  com.optum.coe.automation.rally.RallyOperation - File C:UsersaalchalaDocumentsThinaRallyMigrationattachmentsTestStep_Attachments\2_1__EmbeddedFile_testData.png attached successfully to test case: https://rally1.rallydev.com/slm/webservice/v2.0/testcase/799035557083
2024-08-11 22:21:56.506 [main] INFO  com.optum.coe.automation.rally.RallyOperation - Attachment created successfully for file: C:UsersaalchalaDocumentsThinaRallyMigrationattachmentsTestStep_Attachments\2_2__EmbeddedFile_testData.png
2024-08-11 22:21:56.506 [main] INFO  com.optum.coe.automation.rally.RallyOperation - File C:UsersaalchalaDocumentsThinaRallyMigrationattachmentsTestStep_Attachments\2_2__EmbeddedFile_testData.png attached successfully to test case: https://rally1.rallydev.com/slm/webservice/v2.0/testcase/799035557083
2024-08-11 22:21:57.396 [main] INFO  com.optum.coe.automation.rally.RallyOperation - Attachment created successfully for file: C:UsersaalchalaDocumentsThinaRallyMigrationattachmentsTestStep_Attachments\3_1__EmbeddedFile_expectedResult.png
2024-08-11 22:21:57.396 [main] INFO  com.optum.coe.automation.rally.RallyOperation - File C:UsersaalchalaDocumentsThinaRallyMigrationattachmentsTestStep_Attachments\3_1__EmbeddedFile_expectedResult.png attached successfully to test case: https://rally1.rallydev.com/slm/webservice/v2.0/testcase/799035557083
2024-08-11 22:21:58.327 [main] INFO  com.optum.coe.automation.rally.RallyOperation - Attachment created successfully for file: C:UsersaalchalaDocumentsThinaRallyMigrationattachmentsTestStep_Attachments\3_2__EmbeddedFile_expectedResult.png
2024-08-11 22:21:58.327 [main] INFO  com.optum.coe.automation.rally.RallyOperation - File C:UsersaalchalaDocumentsThinaRallyMigrationattachmentsTestStep_Attachments\3_2__EmbeddedFile_expectedResult.png attached successfully to test case: https://rally1.rallydev.com/slm/webservice/v2.0/testcase/799035557083
2024-08-11 22:21:59.271 [main] INFO  com.optum.coe.automation.rally.RallyOperation - Attachment created successfully for file: C:UsersaalchalaDocumentsThinaRallyMigrationattachmentsTestStep_Attachments\1_1__EmbeddedFile_expectedResult.png
2024-08-11 22:21:59.271 [main] INFO  com.optum.coe.automation.rally.RallyOperation - File C:UsersaalchalaDocumentsThinaRallyMigrationattachmentsTestStep_Attachments\1_1__EmbeddedFile_expectedResult.png attached successfully to test case: https://rally1.rallydev.com/slm/webservice/v2.0/testcase/799035557083
2024-08-11 22:22:00.227 [main] INFO  com.optum.coe.automation.rally.RallyOperation - Attachment created successfully for file: C:UsersaalchalaDocumentsThinaRallyMigrationattachmentsTestStep_Attachments\1_2__EmbeddedFile_expectedResult.png
2024-08-11 22:22:00.227 [main] INFO  com.optum.coe.automation.rally.RallyOperation - File C:UsersaalchalaDocumentsThinaRallyMigrationattachmentsTestStep_Attachments\1_2__EmbeddedFile_expectedResult.png attached successfully to test case: https://rally1.rallydev.com/slm/webservice/v2.0/testcase/799035557083
2024-08-11 22:22:00.228 [main] INFO  com.optum.coe.automation.rally.Utils - The file C:UsersaalchalaDocumentsThinaRallyMigrationattachmentsTestStep_Attachments\4_1__EmbeddedFile_description.png is deleted for the next attachment download run.
2024-08-11 22:22:00.228 [main] INFO  com.optum.coe.automation.rally.Utils - The file C:UsersaalchalaDocumentsThinaRallyMigrationattachmentsTestStep_Attachments\1_1__EmbeddedFile_description.png is deleted for the next attachment download run.
2024-08-11 22:22:00.230 [main] INFO  com.optum.coe.automation.rally.Utils - The file C:UsersaalchalaDocumentsThinaRallyMigrationattachmentsTestStep_Attachments\3_1__EmbeddedFile_testData.png is deleted for the next attachment download run.
2024-08-11 22:22:00.231 [main] INFO  com.optum.coe.automation.rally.Utils - The file C:UsersaalchalaDocumentsThinaRallyMigrationattachmentsTestStep_Attachments\3_2__EmbeddedFile_testData.png is deleted for the next attachment download run.
2024-08-11 22:22:00.231 [main] INFO  com.optum.coe.automation.rally.Utils - The file C:UsersaalchalaDocumentsThinaRallyMigrationattachmentsTestStep_Attachments\1_1__EmbeddedFile_testData.png is deleted for the next attachment download run.
2024-08-11 22:22:00.231 [main] INFO  com.optum.coe.automation.rally.Utils - The file C:UsersaalchalaDocumentsThinaRallyMigrationattachmentsTestStep_Attachments\1_2__EmbeddedFile_testData.png is deleted for the next attachment download run.
2024-08-11 22:22:00.232 [main] INFO  com.optum.coe.automation.rally.Utils - The file C:UsersaalchalaDocumentsThinaRallyMigrationattachmentsTestStep_Attachments\2_1__EmbeddedFile_testData.png is deleted for the next attachment download run.
2024-08-11 22:22:00.232 [main] INFO  com.optum.coe.automation.rally.Utils - The file C:UsersaalchalaDocumentsThinaRallyMigrationattachmentsTestStep_Attachments\2_2__EmbeddedFile_testData.png is deleted for the next attachment download run.
2024-08-11 22:22:00.233 [main] INFO  com.optum.coe.automation.rally.Utils - The file C:UsersaalchalaDocumentsThinaRallyMigrationattachmentsTestStep_Attachments\3_1__EmbeddedFile_expectedResult.png is deleted for the next attachment download run.
2024-08-11 22:22:00.233 [main] INFO  com.optum.coe.automation.rally.Utils - The file C:UsersaalchalaDocumentsThinaRallyMigrationattachmentsTestStep_Attachments\3_2__EmbeddedFile_expectedResult.png is deleted for the next attachment download run.
2024-08-11 22:22:00.233 [main] INFO  com.optum.coe.automation.rally.Utils - The file C:UsersaalchalaDocumentsThinaRallyMigrationattachmentsTestStep_Attachments\1_1__EmbeddedFile_expectedResult.png is deleted for the next attachment download run.
2024-08-11 22:22:00.233 [main] INFO  com.optum.coe.automation.rally.Utils - The file C:UsersaalchalaDocumentsThinaRallyMigrationattachmentsTestStep_Attachments\1_2__EmbeddedFile_expectedResult.png is deleted for the next attachment download run.
2024-08-11 22:22:00.241 [main] INFO  com.optum.coe.automation.rally.ConfigLoader - Config key RALLY_BASE_URL loaded with value: https://rally1.rallydev.com
2024-08-11 22:22:00.242 [main] WARN  com.optum.coe.automation.rally.RallyOperation - Invalid JSON detected, sanitizing: enter required data for Subscriber request<br />then SUBMIT
com.google.gson.JsonSyntaxException: com.google.gson.stream.MalformedJsonException: Use JsonReader.setLenient(true) to accept malformed JSON at line 1 column 8 path $
	at com.google.gson.JsonParser.parseReader(JsonParser.java:76) ~[gson-2.10.1.jar:?]
	at com.google.gson.JsonParser.parseString(JsonParser.java:51) ~[gson-2.10.1.jar:?]
	at com.optum.coe.automation.rally.RallyOperation.sanitizeJsonString(RallyOperation.java:244) [classes/:?]
	at com.optum.coe.automation.rally.RallyOperation.migrateTestSteps(RallyOperation.java:264) [classes/:?]
	at com.optum.coe.automation.rally.RunnerClass.main(RunnerClass.java:115) [classes/:?]
Caused by: com.google.gson.stream.MalformedJsonException: Use JsonReader.setLenient(true) to accept malformed JSON at line 1 column 8 path $
	at com.google.gson.stream.JsonReader.syntaxError(JsonReader.java:1659) ~[gson-2.10.1.jar:?]
	at com.google.gson.stream.JsonReader.checkLenient(JsonReader.java:1465) ~[gson-2.10.1.jar:?]
	at com.google.gson.stream.JsonReader.doPeek(JsonReader.java:551) ~[gson-2.10.1.jar:?]
	at com.google.gson.stream.JsonReader.peek(JsonReader.java:433) ~[gson-2.10.1.jar:?]
	at com.google.gson.JsonParser.parseReader(JsonParser.java:71) ~[gson-2.10.1.jar:?]
	... 4 more
2024-08-11 22:22:00.244 [main] WARN  com.optum.coe.automation.rally.RallyOperation - Invalid JSON detected, sanitizing: Response Information should be displayed successfuly
com.google.gson.JsonSyntaxException: com.google.gson.stream.MalformedJsonException: Use JsonReader.setLenient(true) to accept malformed JSON at line 1 column 11 path $
	at com.google.gson.JsonParser.parseReader(JsonParser.java:76) ~[gson-2.10.1.jar:?]
	at com.google.gson.JsonParser.parseString(JsonParser.java:51) ~[gson-2.10.1.jar:?]
	at com.optum.coe.automation.rally.RallyOperation.sanitizeJsonString(RallyOperation.java:244) [classes/:?]
	at com.optum.coe.automation.rally.RallyOperation.migrateTestSteps(RallyOperation.java:265) [classes/:?]
	at com.optum.coe.automation.rally.RunnerClass.main(RunnerClass.java:115) [classes/:?]
Caused by: com.google.gson.stream.MalformedJsonException: Use JsonReader.setLenient(true) to accept malformed JSON at line 1 column 11 path $
	at com.google.gson.stream.JsonReader.syntaxError(JsonReader.java:1659) ~[gson-2.10.1.jar:?]
	at com.google.gson.stream.JsonReader.checkLenient(JsonReader.java:1465) ~[gson-2.10.1.jar:?]
	at com.google.gson.stream.JsonReader.doPeek(JsonReader.java:551) ~[gson-2.10.1.jar:?]
	at com.google.gson.stream.JsonReader.peek(JsonReader.java:433) ~[gson-2.10.1.jar:?]
	at com.google.gson.JsonParser.parseReader(JsonParser.java:71) ~[gson-2.10.1.jar:?]
	... 4 more
2024-08-11 22:22:00.244 [main] WARN  com.optum.coe.automation.rally.RallyOperation - Invalid JSON detected, sanitizing: <img src="../rest/tests/1.0/attachment/image/500118" style="width:300px" class="fr-fic fr-fil fr-dib" /><br /><img src="../rest/tests/1.0/attachment/image/500120" style="width:300px" class="fr-fic fr-fil fr-dib" />Click "Find Provider"Payer Name: enter "QA Testing"<br />Member id: QA5010-CC-MABCBS-COB
com.google.gson.JsonSyntaxException: com.google.gson.stream.MalformedJsonException: Use JsonReader.setLenient(true) to accept malformed JSON at line 1 column 7 path $
	at com.google.gson.JsonParser.parseReader(JsonParser.java:76) ~[gson-2.10.1.jar:?]
	at com.google.gson.JsonParser.parseString(JsonParser.java:51) ~[gson-2.10.1.jar:?]
	at com.optum.coe.automation.rally.RallyOperation.sanitizeJsonString(RallyOperation.java:244) [classes/:?]
	at com.optum.coe.automation.rally.RallyOperation.migrateTestSteps(RallyOperation.java:266) [classes/:?]
	at com.optum.coe.automation.rally.RunnerClass.main(RunnerClass.java:115) [classes/:?]
Caused by: com.google.gson.stream.MalformedJsonException: Use JsonReader.setLenient(true) to accept malformed JSON at line 1 column 7 path $
	at com.google.gson.stream.JsonReader.syntaxError(JsonReader.java:1659) ~[gson-2.10.1.jar:?]
	at com.google.gson.stream.JsonReader.checkLenient(JsonReader.java:1465) ~[gson-2.10.1.jar:?]
	at com.google.gson.stream.JsonReader.doPeek(JsonReader.java:551) ~[gson-2.10.1.jar:?]
	at com.google.gson.stream.JsonReader.peek(JsonReader.java:433) ~[gson-2.10.1.jar:?]
	at com.google.gson.JsonParser.parseReader(JsonParser.java:71) ~[gson-2.10.1.jar:?]
	... 4 more
2024-08-11 22:22:00.245 [main] INFO  com.optum.coe.automation.rally.ConfigLoader - Config key TEST_STEP_FILE_ATTACHMENT_LOCATION loaded with value: C:UsersaalchalaDocumentsThinaRallyMigrationattachmentsTestStep_Attachments
2024-08-11 22:22:00.245 [main] INFO  com.optum.coe.automation.rally.ConfigLoader - Config key JIRA_API_TOKEN loaded with value: NjkzMzI2MjUyMTAxOjheeHwL8gYnhul3HZo2HojKKY1R
2024-08-11 22:22:00.245 [main] ERROR com.optum.coe.automation.rally.Utils - Error while parsing JSON response: {}
org.json.JSONException: JSONObject["testScript"] not found.
	at org.json.JSONObject.get(JSONObject.java:596) ~[json-20240303.jar:?]
	at org.json.JSONObject.getJSONObject(JSONObject.java:806) ~[json-20240303.jar:?]
	at com.optum.coe.automation.rally.Utils.downloadTestStepEmbeddedAttachments(Utils.java:314) [classes/:?]
	at com.optum.coe.automation.rally.RallyOperation.migrateTestSteps(RallyOperation.java:271) [classes/:?]
	at com.optum.coe.automation.rally.RunnerClass.main(RunnerClass.java:115) [classes/:?]
2024-08-11 22:22:00.245 [main] INFO  com.optum.coe.automation.rally.ConfigLoader - Config key JIRA_API_TOKEN loaded with value: NjkzMzI2MjUyMTAxOjheeHwL8gYnhul3HZo2HojKKY1R
2024-08-11 22:22:00.245 [main] ERROR com.optum.coe.automation.rally.Utils - Error while parsing JSON response: {}
org.json.JSONException: JSONObject["testScript"] not found.
	at org.json.JSONObject.get(JSONObject.java:596) ~[json-20240303.jar:?]
	at org.json.JSONObject.getJSONObject(JSONObject.java:806) ~[json-20240303.jar:?]
	at com.optum.coe.automation.rally.Utils.downloadTestStepEmbeddedAttachments(Utils.java:314) [classes/:?]
	at com.optum.coe.automation.rally.RallyOperation.migrateTestSteps(RallyOperation.java:283) [classes/:?]
	at com.optum.coe.automation.rally.RunnerClass.main(RunnerClass.java:115) [classes/:?]
2024-08-11 22:22:00.245 [main] INFO  com.optum.coe.automation.rally.ConfigLoader - Config key JIRA_API_TOKEN loaded with value: NjkzMzI2MjUyMTAxOjheeHwL8gYnhul3HZo2HojKKY1R
2024-08-11 22:22:00.245 [main] ERROR com.optum.coe.automation.rally.Utils - Error while parsing JSON response: {}
org.json.JSONException: JSONObject["testScript"] not found.
	at org.json.JSONObject.get(JSONObject.java:596) ~[json-20240303.jar:?]
	at org.json.JSONObject.getJSONObject(JSONObject.java:806) ~[json-20240303.jar:?]
	at com.optum.coe.automation.rally.Utils.downloadTestStepEmbeddedAttachments(Utils.java:314) [classes/:?]
	at com.optum.coe.automation.rally.RallyOperation.migrateTestSteps(RallyOperation.java:295) [classes/:?]
	at com.optum.coe.automation.rally.RunnerClass.main(RunnerClass.java:115) [classes/:?]
2024-08-11 22:22:00.588 [main] ERROR com.optum.coe.automation.rally.RallyOperation - Failed to create test step: enter required data for Subscriber request<br />then SUBMIT. Error: [Concurrency conflict: [Object has been modified since being read for update in this context] - ConcurrencyConflictException : Modified since read on update : Object Class : com.f4tech.slm.domain.TestCase : ObjectID : 799035557083]
2024-08-11 22:22:00.588 [main] WARN  com.optum.coe.automation.rally.RallyOperation - Invalid JSON detected, sanitizing: As an internal user log in to Cctr<br />and go to Verification -&gt; New Eligibility Request<br /><br /><img src="../rest/tests/1.0/attachment/image/500134" style="width:300px" class="fr-fic fr-fil fr-dib" />
com.google.gson.JsonSyntaxException: com.google.gson.stream.MalformedJsonException: Use JsonReader.setLenient(true) to accept malformed JSON at line 1 column 5 path $
	at com.google.gson.JsonParser.parseReader(JsonParser.java:76) ~[gson-2.10.1.jar:?]
	at com.google.gson.JsonParser.parseString(JsonParser.java:51) ~[gson-2.10.1.jar:?]
	at com.optum.coe.automation.rally.RallyOperation.sanitizeJsonString(RallyOperation.java:244) [classes/:?]
	at com.optum.coe.automation.rally.RallyOperation.migrateTestSteps(RallyOperation.java:264) [classes/:?]
	at com.optum.coe.automation.rally.RunnerClass.main(RunnerClass.java:115) [classes/:?]
Caused by: com.google.gson.stream.MalformedJsonException: Use JsonReader.setLenient(true) to accept malformed JSON at line 1 column 5 path $
	at com.google.gson.stream.JsonReader.syntaxError(JsonReader.java:1659) ~[gson-2.10.1.jar:?]
	at com.google.gson.stream.JsonReader.checkLenient(JsonReader.java:1465) ~[gson-2.10.1.jar:?]
	at com.google.gson.stream.JsonReader.doPeek(JsonReader.java:551) ~[gson-2.10.1.jar:?]
	at com.google.gson.stream.JsonReader.peek(JsonReader.java:433) ~[gson-2.10.1.jar:?]
	at com.google.gson.JsonParser.parseReader(JsonParser.java:71) ~[gson-2.10.1.jar:?]
	... 4 more
2024-08-11 22:22:00.588 [main] WARN  com.optum.coe.automation.rally.RallyOperation - Invalid JSON detected, sanitizing: Access to Eligibility Identifier should be succesfully.<br /><img src="../rest/tests/1.0/attachment/image/500129" style="width:300px" class="fr-fic fr-fil fr-dib" /><br />The<br /><img src="../rest/tests/1.0/attachment/image/500130" style="width:300px" class="fr-fic fr-fil fr-dib" />
com.google.gson.JsonSyntaxException: com.google.gson.stream.MalformedJsonException: Use JsonReader.setLenient(true) to accept malformed JSON at line 1 column 9 path $
	at com.google.gson.JsonParser.parseReader(JsonParser.java:76) ~[gson-2.10.1.jar:?]
	at com.google.gson.JsonParser.parseString(JsonParser.java:51) ~[gson-2.10.1.jar:?]
	at com.optum.coe.automation.rally.RallyOperation.sanitizeJsonString(RallyOperation.java:244) [classes/:?]
	at com.optum.coe.automation.rally.RallyOperation.migrateTestSteps(RallyOperation.java:265) [classes/:?]
	at com.optum.coe.automation.rally.RunnerClass.main(RunnerClass.java:115) [classes/:?]
Caused by: com.google.gson.stream.MalformedJsonException: Use JsonReader.setLenient(true) to accept malformed JSON at line 1 column 9 path $
	at com.google.gson.stream.JsonReader.syntaxError(JsonReader.java:1659) ~[gson-2.10.1.jar:?]
	at com.google.gson.stream.JsonReader.checkLenient(JsonReader.java:1465) ~[gson-2.10.1.jar:?]
	at com.google.gson.stream.JsonReader.doPeek(JsonReader.java:551) ~[gson-2.10.1.jar:?]
	at com.google.gson.stream.JsonReader.peek(JsonReader.java:433) ~[gson-2.10.1.jar:?]
	at com.google.gson.JsonParser.parseReader(JsonParser.java:71) ~[gson-2.10.1.jar:?]
	... 4 more
2024-08-11 22:22:00.589 [main] WARN  com.optum.coe.automation.rally.RallyOperation - Invalid JSON detected, sanitizing: <img src="../rest/tests/1.0/attachment/image/500128" style="width:300px" class="fr-fic fr-fil fr-dib" /><img class="fr-fic fr-dii" /><img src="../rest/tests/1.0/attachment/image/500127" class="fr-fic fr-dii" /><img class="fr-fic fr-dii" /><br />
com.google.gson.JsonSyntaxException: com.google.gson.stream.MalformedJsonException: Use JsonReader.setLenient(true) to accept malformed JSON at line 1 column 7 path $
	at com.google.gson.JsonParser.parseReader(JsonParser.java:76) ~[gson-2.10.1.jar:?]
	at com.google.gson.JsonParser.parseString(JsonParser.java:51) ~[gson-2.10.1.jar:?]
	at com.optum.coe.automation.rally.RallyOperation.sanitizeJsonString(RallyOperation.java:244) [classes/:?]
	at com.optum.coe.automation.rally.RallyOperation.migrateTestSteps(RallyOperation.java:266) [classes/:?]
	at com.optum.coe.automation.rally.RunnerClass.main(RunnerClass.java:115) [classes/:?]
Caused by: com.google.gson.stream.MalformedJsonException: Use JsonReader.setLenient(true) to accept malformed JSON at line 1 column 7 path $
	at com.google.gson.stream.JsonReader.syntaxError(JsonReader.java:1659) ~[gson-2.10.1.jar:?]
	at com.google.gson.stream.JsonReader.checkLenient(JsonReader.java:1465) ~[gson-2.10.1.jar:?]
	at com.google.gson.stream.JsonReader.doPeek(JsonReader.java:551) ~[gson-2.10.1.jar:?]
	at com.google.gson.stream.JsonReader.peek(JsonReader.java:433) ~[gson-2.10.1.jar:?]
	at com.google.gson.JsonParser.parseReader(JsonParser.java:71) ~[gson-2.10.1.jar:?]
	... 4 more
2024-08-11 22:22:00.589 [main] INFO  com.optum.coe.automation.rally.ConfigLoader - Config key TEST_STEP_FILE_ATTACHMENT_LOCATION loaded with value: C:UsersaalchalaDocumentsThinaRallyMigrationattachmentsTestStep_Attachments
2024-08-11 22:22:00.589 [main] INFO  com.optum.coe.automation.rally.ConfigLoader - Config key JIRA_API_TOKEN loaded with value: NjkzMzI2MjUyMTAxOjheeHwL8gYnhul3HZo2HojKKY1R
2024-08-11 22:22:00.589 [main] ERROR com.optum.coe.automation.rally.Utils - Error while parsing JSON response: {}
org.json.JSONException: JSONObject["testScript"] not found.
	at org.json.JSONObject.get(JSONObject.java:596) ~[json-20240303.jar:?]
	at org.json.JSONObject.getJSONObject(JSONObject.java:806) ~[json-20240303.jar:?]
	at com.optum.coe.automation.rally.Utils.downloadTestStepEmbeddedAttachments(Utils.java:314) [classes/:?]
	at com.optum.coe.automation.rally.RallyOperation.migrateTestSteps(RallyOperation.java:271) [classes/:?]
	at com.optum.coe.automation.rally.RunnerClass.main(RunnerClass.java:115) [classes/:?]
2024-08-11 22:22:00.589 [main] INFO  com.optum.coe.automation.rally.ConfigLoader - Config key JIRA_API_TOKEN loaded with value: NjkzMzI2MjUyMTAxOjheeHwL8gYnhul3HZo2HojKKY1R
2024-08-11 22:22:00.589 [main] ERROR com.optum.coe.automation.rally.Utils - Error while parsing JSON response: {}
org.json.JSONException: JSONObject["testScript"] not found.
	at org.json.JSONObject.get(JSONObject.java:596) ~[json-20240303.jar:?]
	at org.json.JSONObject.getJSONObject(JSONObject.java:806) ~[json-20240303.jar:?]
	at com.optum.coe.automation.rally.Utils.downloadTestStepEmbeddedAttachments(Utils.java:314) [classes/:?]
	at com.optum.coe.automation.rally.RallyOperation.migrateTestSteps(RallyOperation.java:283) [classes/:?]
	at com.optum.coe.automation.rally.RunnerClass.main(RunnerClass.java:115) [classes/:?]
2024-08-11 22:22:00.589 [main] INFO  com.optum.coe.automation.rally.ConfigLoader - Config key JIRA_API_TOKEN loaded with value: NjkzMzI2MjUyMTAxOjheeHwL8gYnhul3HZo2HojKKY1R
2024-08-11 22:22:00.589 [main] ERROR com.optum.coe.automation.rally.Utils - Error while parsing JSON response: {}
org.json.JSONException: JSONObject["testScript"] not found.
	at org.json.JSONObject.get(JSONObject.java:596) ~[json-20240303.jar:?]
	at org.json.JSONObject.getJSONObject(JSONObject.java:806) ~[json-20240303.jar:?]
	at com.optum.coe.automation.rally.Utils.downloadTestStepEmbeddedAttachments(Utils.java:314) [classes/:?]
	at com.optum.coe.automation.rally.RallyOperation.migrateTestSteps(RallyOperation.java:295) [classes/:?]
	at com.optum.coe.automation.rally.RunnerClass.main(RunnerClass.java:115) [classes/:?]
2024-08-11 22:22:00.827 [main] INFO  com.optum.coe.automation.rally.RallyOperation - Successfully created test step: As an internal user log in to Cctr<br />and go to Verification -&gt; New Eligibility Request<br /><br /><img src="../rest/tests/1.0/attachment/image/500134" style="width:300px" class="fr-fic fr-fil fr-dib" />
2024-08-11 22:22:00.827 [main] WARN  com.optum.coe.automation.rally.RallyOperation - Invalid JSON detected, sanitizing: Validate "Patient Information" column has the same data as "Subscriber Information" column.<br />Validate: Relationship field should have "Self" value
com.google.gson.JsonSyntaxException: com.google.gson.stream.MalformedJsonException: Use JsonReader.setLenient(true) to accept malformed JSON at line 1 column 11 path $
	at com.google.gson.JsonParser.parseReader(JsonParser.java:76) ~[gson-2.10.1.jar:?]
	at com.google.gson.JsonParser.parseString(JsonParser.java:51) ~[gson-2.10.1.jar:?]
	at com.optum.coe.automation.rally.RallyOperation.sanitizeJsonString(RallyOperation.java:244) [classes/:?]
	at com.optum.coe.automation.rally.RallyOperation.migrateTestSteps(RallyOperation.java:264) [classes/:?]
	at com.optum.coe.automation.rally.RunnerClass.main(RunnerClass.java:115) [classes/:?]
Caused by: com.google.gson.stream.MalformedJsonException: Use JsonReader.setLenient(true) to accept malformed JSON at line 1 column 11 path $
	at com.google.gson.stream.JsonReader.syntaxError(JsonReader.java:1659) ~[gson-2.10.1.jar:?]
	at com.google.gson.stream.JsonReader.checkLenient(JsonReader.java:1465) ~[gson-2.10.1.jar:?]
	at com.google.gson.stream.JsonReader.doPeek(JsonReader.java:551) ~[gson-2.10.1.jar:?]
	at com.google.gson.stream.JsonReader.peek(JsonReader.java:433) ~[gson-2.10.1.jar:?]
	at com.google.gson.JsonParser.parseReader(JsonParser.java:71) ~[gson-2.10.1.jar:?]
	... 4 more
2024-08-11 22:22:00.827 [main] WARN  com.optum.coe.automation.rally.RallyOperation - Invalid JSON detected, sanitizing: <img src="../rest/tests/1.0/attachment/image/500121" style="width:300px" class="fr-fic fr-fil fr-dib" /><img src="../rest/tests/1.0/attachment/image/500119" style="width:300px" class="fr-fic fr-fil fr-dib" />"Patient Information" column has the same data as "Subscriber Information" column.<br />Relationship field should have "Self" value
com.google.gson.JsonSyntaxException: com.google.gson.stream.MalformedJsonException: Use JsonReader.setLenient(true) to accept malformed JSON at line 1 column 7 path $
	at com.google.gson.JsonParser.parseReader(JsonParser.java:76) ~[gson-2.10.1.jar:?]
	at com.google.gson.JsonParser.parseString(JsonParser.java:51) ~[gson-2.10.1.jar:?]
	at com.optum.coe.automation.rally.RallyOperation.sanitizeJsonString(RallyOperation.java:244) [classes/:?]
	at com.optum.coe.automation.rally.RallyOperation.migrateTestSteps(RallyOperation.java:265) [classes/:?]
	at com.optum.coe.automation.rally.RunnerClass.main(RunnerClass.java:115) [classes/:?]
Caused by: com.google.gson.stream.MalformedJsonException: Use JsonReader.setLenient(true) to accept malformed JSON at line 1 column 7 path $
	at com.google.gson.stream.JsonReader.syntaxError(JsonReader.java:1659) ~[gson-2.10.1.jar:?]
	at com.google.gson.stream.JsonReader.checkLenient(JsonReader.java:1465) ~[gson-2.10.1.jar:?]
	at com.google.gson.stream.JsonReader.doPeek(JsonReader.java:551) ~[gson-2.10.1.jar:?]
	at com.google.gson.stream.JsonReader.peek(JsonReader.java:433) ~[gson-2.10.1.jar:?]
	at com.google.gson.JsonParser.parseReader(JsonParser.java:71) ~[gson-2.10.1.jar:?]
	... 4 more
2024-08-11 22:22:00.827 [main] WARN  com.optum.coe.automation.rally.RallyOperation - Invalid JSON detected, sanitizing: <img src="../rest/tests/1.0/attachment/image/500131" style="width:300px" class="fr-fic fr-fil fr-dib" /><br /><img src="../rest/tests/1.0/attachment/image/500132" style="width:300px" class="fr-fic fr-fil fr-dib" />
com.google.gson.JsonSyntaxException: com.google.gson.stream.MalformedJsonException: Use JsonReader.setLenient(true) to accept malformed JSON at line 1 column 7 path $
	at com.google.gson.JsonParser.parseReader(JsonParser.java:76) ~[gson-2.10.1.jar:?]
	at com.google.gson.JsonParser.parseString(JsonParser.java:51) ~[gson-2.10.1.jar:?]
	at com.optum.coe.automation.rally.RallyOperation.sanitizeJsonString(RallyOperation.java:244) [classes/:?]
	at com.optum.coe.automation.rally.RallyOperation.migrateTestSteps(RallyOperation.java:266) [classes/:?]
	at com.optum.coe.automation.rally.RunnerClass.main(RunnerClass.java:115) [classes/:?]
Caused by: com.google.gson.stream.MalformedJsonException: Use JsonReader.setLenient(true) to accept malformed JSON at line 1 column 7 path $
	at com.google.gson.stream.JsonReader.syntaxError(JsonReader.java:1659) ~[gson-2.10.1.jar:?]
	at com.google.gson.stream.JsonReader.checkLenient(JsonReader.java:1465) ~[gson-2.10.1.jar:?]
	at com.google.gson.stream.JsonReader.doPeek(JsonReader.java:551) ~[gson-2.10.1.jar:?]
	at com.google.gson.stream.JsonReader.peek(JsonReader.java:433) ~[gson-2.10.1.jar:?]
	at com.google.gson.JsonParser.parseReader(JsonParser.java:71) ~[gson-2.10.1.jar:?]
	... 4 more
2024-08-11 22:22:00.827 [main] INFO  com.optum.coe.automation.rally.ConfigLoader - Config key TEST_STEP_FILE_ATTACHMENT_LOCATION loaded with value: C:UsersaalchalaDocumentsThinaRallyMigrationattachmentsTestStep_Attachments
2024-08-11 22:22:00.827 [main] INFO  com.optum.coe.automation.rally.ConfigLoader - Config key JIRA_API_TOKEN loaded with value: NjkzMzI2MjUyMTAxOjheeHwL8gYnhul3HZo2HojKKY1R
2024-08-11 22:22:00.827 [main] ERROR com.optum.coe.automation.rally.Utils - Error while parsing JSON response: {}
org.json.JSONException: JSONObject["testScript"] not found.
	at org.json.JSONObject.get(JSONObject.java:596) ~[json-20240303.jar:?]
	at org.json.JSONObject.getJSONObject(JSONObject.java:806) ~[json-20240303.jar:?]
	at com.optum.coe.automation.rally.Utils.downloadTestStepEmbeddedAttachments(Utils.java:314) [classes/:?]
	at com.optum.coe.automation.rally.RallyOperation.migrateTestSteps(RallyOperation.java:271) [classes/:?]
	at com.optum.coe.automation.rally.RunnerClass.main(RunnerClass.java:115) [classes/:?]
2024-08-11 22:22:00.827 [main] INFO  com.optum.coe.automation.rally.ConfigLoader - Config key JIRA_API_TOKEN loaded with value: NjkzMzI2MjUyMTAxOjheeHwL8gYnhul3HZo2HojKKY1R
2024-08-11 22:22:00.827 [main] ERROR com.optum.coe.automation.rally.Utils - Error while parsing JSON response: {}
org.json.JSONException: JSONObject["testScript"] not found.
	at org.json.JSONObject.get(JSONObject.java:596) ~[json-20240303.jar:?]
	at org.json.JSONObject.getJSONObject(JSONObject.java:806) ~[json-20240303.jar:?]
	at com.optum.coe.automation.rally.Utils.downloadTestStepEmbeddedAttachments(Utils.java:314) [classes/:?]
	at com.optum.coe.automation.rally.RallyOperation.migrateTestSteps(RallyOperation.java:283) [classes/:?]
	at com.optum.coe.automation.rally.RunnerClass.main(RunnerClass.java:115) [classes/:?]
2024-08-11 22:22:00.827 [main] INFO  com.optum.coe.automation.rally.ConfigLoader - Config key JIRA_API_TOKEN loaded with value: NjkzMzI2MjUyMTAxOjheeHwL8gYnhul3HZo2HojKKY1R
2024-08-11 22:22:00.827 [main] ERROR com.optum.coe.automation.rally.Utils - Error while parsing JSON response: {}
org.json.JSONException: JSONObject["testScript"] not found.
	at org.json.JSONObject.get(JSONObject.java:596) ~[json-20240303.jar:?]
	at org.json.JSONObject.getJSONObject(JSONObject.java:806) ~[json-20240303.jar:?]
	at com.optum.coe.automation.rally.Utils.downloadTestStepEmbeddedAttachments(Utils.java:314) [classes/:?]
	at com.optum.coe.automation.rally.RallyOperation.migrateTestSteps(RallyOperation.java:295) [classes/:?]
	at com.optum.coe.automation.rally.RunnerClass.main(RunnerClass.java:115) [classes/:?]
2024-08-11 22:22:01.053 [main] INFO  com.optum.coe.automation.rally.RallyOperation - Successfully created test step: Validate "Patient Information" column has the same data as "Subscriber Information" column.<br />Validate: Relationship field should have "Self" value
2024-08-11 22:22:01.053 [main] WARN  com.optum.coe.automation.rally.RallyOperation - Invalid JSON detected, sanitizing: Select "Authorization/Referral Submission" from dropdown in the Demographic Information, then click "USE MEMBER FOR" button<br /><img src="../rest/tests/1.0/attachment/image/500125" style="width:300px" class="fr-fic fr-fil fr-dib" /><br /><img style="width:300px" class="fr-fic fr-fil fr-dib" /><br />
com.google.gson.JsonSyntaxException: com.google.gson.stream.MalformedJsonException: Use JsonReader.setLenient(true) to accept malformed JSON at line 1 column 9 path $
	at com.google.gson.JsonParser.parseReader(JsonParser.java:76) ~[gson-2.10.1.jar:?]
	at com.google.gson.JsonParser.parseString(JsonParser.java:51) ~[gson-2.10.1.jar:?]
	at com.optum.coe.automation.rally.RallyOperation.sanitizeJsonString(RallyOperation.java:244) [classes/:?]
	at com.optum.coe.automation.rally.RallyOperation.migrateTestSteps(RallyOperation.java:264) [classes/:?]
	at com.optum.coe.automation.rally.RunnerClass.main(RunnerClass.java:115) [classes/:?]
Caused by: com.google.gson.stream.MalformedJsonException: Use JsonReader.setLenient(true) to accept malformed JSON at line 1 column 9 path $
	at com.google.gson.stream.JsonReader.syntaxError(JsonReader.java:1659) ~[gson-2.10.1.jar:?]
	at com.google.gson.stream.JsonReader.checkLenient(JsonReader.java:1465) ~[gson-2.10.1.jar:?]
	at com.google.gson.stream.JsonReader.doPeek(JsonReader.java:551) ~[gson-2.10.1.jar:?]
	at com.google.gson.stream.JsonReader.peek(JsonReader.java:433) ~[gson-2.10.1.jar:?]
	at com.google.gson.JsonParser.parseReader(JsonParser.java:71) ~[gson-2.10.1.jar:?]
	... 4 more
2024-08-11 22:22:01.053 [main] WARN  com.optum.coe.automation.rally.RallyOperation - Invalid JSON detected, sanitizing: Validate data loaded in the following sections:<br />-Payer<br />-General Information<br />-Requesting Provider<br />-Service Provider<br />-Subscriber<br />Also validate there should not be any data in Dependent Information section<br />(<ul><li>if the response does NOT contain dependent information (patient=subscriber) then none of the dependent fields in the Auth/Ref submission form should be valued</li></ul>)
com.google.gson.JsonSyntaxException: com.google.gson.stream.MalformedJsonException: Use JsonReader.setLenient(true) to accept malformed JSON at line 1 column 11 path $
	at com.google.gson.JsonParser.parseReader(JsonParser.java:76) ~[gson-2.10.1.jar:?]
	at com.google.gson.JsonParser.parseString(JsonParser.java:51) ~[gson-2.10.1.jar:?]
	at com.optum.coe.automation.rally.RallyOperation.sanitizeJsonString(RallyOperation.java:244) [classes/:?]
	at com.optum.coe.automation.rally.RallyOperation.migrateTestSteps(RallyOperation.java:265) [classes/:?]
	at com.optum.coe.automation.rally.RunnerClass.main(RunnerClass.java:115) [classes/:?]
Caused by: com.google.gson.stream.MalformedJsonException: Use JsonReader.setLenient(true) to accept malformed JSON at line 1 column 11 path $
	at com.google.gson.stream.JsonReader.syntaxError(JsonReader.java:1659) ~[gson-2.10.1.jar:?]
	at com.google.gson.stream.JsonReader.checkLenient(JsonReader.java:1465) ~[gson-2.10.1.jar:?]
	at com.google.gson.stream.JsonReader.doPeek(JsonReader.java:551) ~[gson-2.10.1.jar:?]
	at com.google.gson.stream.JsonReader.peek(JsonReader.java:433) ~[gson-2.10.1.jar:?]
	at com.google.gson.JsonParser.parseReader(JsonParser.java:71) ~[gson-2.10.1.jar:?]
	... 4 more
2024-08-11 22:22:01.053 [main] WARN  com.optum.coe.automation.rally.RallyOperation - Invalid JSON detected, sanitizing: null
java.lang.NullPointerException: Cannot invoke "String.length()" because "s" is null
	at java.base/java.io.StringReader.<init>(StringReader.java:51) ~[?:?]
	at com.google.gson.JsonParser.parseString(JsonParser.java:51) ~[gson-2.10.1.jar:?]
	at com.optum.coe.automation.rally.RallyOperation.sanitizeJsonString(RallyOperation.java:244) [classes/:?]
	at com.optum.coe.automation.rally.RallyOperation.migrateTestSteps(RallyOperation.java:266) [classes/:?]
	at com.optum.coe.automation.rally.RunnerClass.main(RunnerClass.java:115) [classes/:?]
2024-08-11 22:22:01.057 [main] INFO  com.optum.coe.automation.rally.ConfigLoader - Config key TEST_STEP_FILE_ATTACHMENT_LOCATION loaded with value: C:UsersaalchalaDocumentsThinaRallyMigrationattachmentsTestStep_Attachments
2024-08-11 22:22:01.057 [main] INFO  com.optum.coe.automation.rally.ConfigLoader - Config key JIRA_API_TOKEN loaded with value: NjkzMzI2MjUyMTAxOjheeHwL8gYnhul3HZo2HojKKY1R
2024-08-11 22:22:01.058 [main] ERROR com.optum.coe.automation.rally.Utils - Error while parsing JSON response: {}
org.json.JSONException: JSONObject["testScript"] not found.
	at org.json.JSONObject.get(JSONObject.java:596) ~[json-20240303.jar:?]
	at org.json.JSONObject.getJSONObject(JSONObject.java:806) ~[json-20240303.jar:?]
	at com.optum.coe.automation.rally.Utils.downloadTestStepEmbeddedAttachments(Utils.java:314) [classes/:?]
	at com.optum.coe.automation.rally.RallyOperation.migrateTestSteps(RallyOperation.java:271) [classes/:?]
	at com.optum.coe.automation.rally.RunnerClass.main(RunnerClass.java:115) [classes/:?]
2024-08-11 22:22:01.058 [main] INFO  com.optum.coe.automation.rally.ConfigLoader - Config key JIRA_API_TOKEN loaded with value: NjkzMzI2MjUyMTAxOjheeHwL8gYnhul3HZo2HojKKY1R
2024-08-11 22:22:01.058 [main] ERROR com.optum.coe.automation.rally.Utils - Error while parsing JSON response: {}
org.json.JSONException: JSONObject["testScript"] not found.
	at org.json.JSONObject.get(JSONObject.java:596) ~[json-20240303.jar:?]
	at org.json.JSONObject.getJSONObject(JSONObject.java:806) ~[json-20240303.jar:?]
	at com.optum.coe.automation.rally.Utils.downloadTestStepEmbeddedAttachments(Utils.java:314) [classes/:?]
	at com.optum.coe.automation.rally.RallyOperation.migrateTestSteps(RallyOperation.java:283) [classes/:?]
	at com.optum.coe.automation.rally.RunnerClass.main(RunnerClass.java:115) [classes/:?]
2024-08-11 22:22:01.058 [main] INFO  com.optum.coe.automation.rally.ConfigLoader - Config key JIRA_API_TOKEN loaded with value: NjkzMzI2MjUyMTAxOjheeHwL8gYnhul3HZo2HojKKY1R
2024-08-11 22:22:01.058 [main] ERROR com.optum.coe.automation.rally.Utils - Error while parsing JSON response: {}
org.json.JSONException: JSONObject["testScript"] not found.
	at org.json.JSONObject.get(JSONObject.java:596) ~[json-20240303.jar:?]
	at org.json.JSONObject.getJSONObject(JSONObject.java:806) ~[json-20240303.jar:?]
	at com.optum.coe.automation.rally.Utils.downloadTestStepEmbeddedAttachments(Utils.java:314) [classes/:?]
	at com.optum.coe.automation.rally.RallyOperation.migrateTestSteps(RallyOperation.java:295) [classes/:?]
	at com.optum.coe.automation.rally.RunnerClass.main(RunnerClass.java:115) [classes/:?]
2024-08-11 22:22:01.301 [main] INFO  com.optum.coe.automation.rally.RallyOperation - Successfully created test step: Select "Authorization/Referral Submission" from dropdown in the Demographic Information, then click "USE MEMBER FOR" button<br /><img src="../rest/tests/1.0/attachment/image/500125" style="width:300px" class="fr-fic fr-fil fr-dib" /><br /><img style="width:300px" class="fr-fic fr-fil fr-dib" /><br />
2024-08-11 22:22:01.301 [main] INFO  com.optum.coe.automation.rally.RunnerClass - Rally TestCase creation and TestStep attachment upload completed successfully for key: CC2-T5
